2024-04-08 10:56:57,386 INFO    MainThread:24636 [wandb_setup.py:_flush():76] Current SDK version is 0.16.6
2024-04-08 10:56:57,386 INFO    MainThread:24636 [wandb_setup.py:_flush():76] Configure stats pid to 24636
2024-04-08 10:56:57,386 INFO    MainThread:24636 [wandb_setup.py:_flush():76] Loading settings from C:\Users\yjg10\.config\wandb\settings
2024-04-08 10:56:57,386 INFO    MainThread:24636 [wandb_setup.py:_flush():76] Loading settings from y:\Python\Mega_IT\F.Machine_Learning\1.Supervised_Learning\7.SGD\wandb\settings
2024-04-08 10:56:57,386 INFO    MainThread:24636 [wandb_setup.py:_flush():76] Loading settings from environment variables: {}
2024-04-08 10:56:57,386 INFO    MainThread:24636 [wandb_setup.py:_flush():76] Inferring run settings from compute environment: {'program': '<python with no main file>'}
2024-04-08 10:56:57,386 INFO    MainThread:24636 [wandb_setup.py:_flush():76] Applying login settings: {}
2024-04-08 10:56:57,386 INFO    MainThread:24636 [wandb_setup.py:_flush():76] Applying login settings: {'api_key': '***REDACTED***'}
2024-04-08 10:56:57,386 INFO    MainThread:24636 [wandb_setup.py:_flush():76] Applying login settings: {}
2024-04-08 10:56:57,387 INFO    MainThread:24636 [wandb_init.py:_log_setup():521] Logging user logs to y:\Python\Mega_IT\F.Machine_Learning\1.Supervised_Learning\7.SGD\wandb\run-20240408_105657-gksxmmyl\logs\debug.log
2024-04-08 10:56:57,388 INFO    MainThread:24636 [wandb_init.py:_log_setup():522] Logging internal logs to y:\Python\Mega_IT\F.Machine_Learning\1.Supervised_Learning\7.SGD\wandb\run-20240408_105657-gksxmmyl\logs\debug-internal.log
2024-04-08 10:56:57,388 INFO    MainThread:24636 [wandb_init.py:init():561] calling init triggers
2024-04-08 10:56:57,388 INFO    MainThread:24636 [wandb_init.py:init():568] wandb.init called with sweep_config: {}
config: {}
2024-04-08 10:56:57,388 INFO    MainThread:24636 [wandb_init.py:init():586] re-initializing run, found existing run on stack: wb41o65m
2024-04-08 10:56:57,389 INFO    MainThread:24636 [wandb_run.py:_finish():2064] finishing run yijingue/sklearn-test/wb41o65m
2024-04-08 10:56:57,390 INFO    MainThread:24636 [jupyter.py:save_history():445] not saving jupyter history
2024-04-08 10:56:57,390 INFO    MainThread:24636 [jupyter.py:save_ipynb():373] not saving jupyter notebook
2024-04-08 10:56:57,390 INFO    MainThread:24636 [wandb_init.py:_jupyter_teardown():449] cleaning up jupyter logic
2024-04-08 10:56:57,390 INFO    MainThread:24636 [wandb_run.py:_atexit_cleanup():2304] got exitcode: 0
2024-04-08 10:56:57,391 INFO    MainThread:24636 [wandb_run.py:_restore():2287] restore
2024-04-08 10:56:57,391 INFO    MainThread:24636 [wandb_run.py:_restore():2293] restore done
2024-04-08 10:57:02,191 INFO    MainThread:24636 [wandb_run.py:_footer_history_summary_info():3936] rendering history
2024-04-08 10:57:02,191 INFO    MainThread:24636 [wandb_run.py:_footer_history_summary_info():3968] rendering summary
2024-04-08 10:57:02,216 INFO    MainThread:24636 [wandb_run.py:_footer_sync_info():3895] logging synced files
2024-04-08 10:57:02,566 INFO    MainThread:24636 [wandb_init.py:init():611] starting backend
2024-04-08 10:57:02,567 INFO    MainThread:24636 [wandb_init.py:init():615] setting up manager
2024-04-08 10:57:02,570 INFO    MainThread:24636 [backend.py:_multiprocessing_setup():105] multiprocessing start_methods=spawn, using: spawn
2024-04-08 10:57:02,571 INFO    MainThread:24636 [wandb_init.py:init():623] backend started and connected
2024-04-08 10:57:02,583 INFO    MainThread:24636 [wandb_run.py:_label_probe_notebook():1299] probe notebook
2024-04-08 10:57:02,583 INFO    MainThread:24636 [wandb_run.py:_label_probe_notebook():1309] Unable to probe notebook: 'NoneType' object has no attribute 'get'
2024-04-08 10:57:02,583 INFO    MainThread:24636 [wandb_init.py:init():715] updated telemetry
2024-04-08 10:57:02,594 INFO    MainThread:24636 [wandb_init.py:init():748] communicating run to backend with 90.0 second timeout
2024-04-08 10:57:04,133 INFO    MainThread:24636 [wandb_run.py:_on_init():2357] communicating current version
2024-04-08 10:57:04,390 INFO    MainThread:24636 [wandb_run.py:_on_init():2366] got version response 
2024-04-08 10:57:04,390 INFO    MainThread:24636 [wandb_init.py:init():799] starting run threads in backend
2024-04-08 10:57:18,517 INFO    MainThread:24636 [wandb_run.py:_console_start():2335] atexit reg
2024-04-08 10:57:18,517 INFO    MainThread:24636 [wandb_run.py:_redirect():2190] redirect: wrap_raw
2024-04-08 10:57:18,517 INFO    MainThread:24636 [wandb_run.py:_redirect():2255] Wrapping output streams.
2024-04-08 10:57:18,517 INFO    MainThread:24636 [wandb_run.py:_redirect():2280] Redirects installed.
2024-04-08 10:57:18,518 INFO    MainThread:24636 [wandb_init.py:init():842] run started, returning control to user process
2024-04-08 10:57:18,564 INFO    MainThread:24636 [wandb_run.py:_config_callback():1347] config_cb ('_wandb', 'viz', 'summary_metrics') {'id': 'wandb/metrics/v1', 'historyFieldSettings': {'x-axis': '_step', 'key': 'summary_metrics'}} None
2024-04-08 10:57:32,964 INFO    MainThread:24636 [wandb_run.py:_config_callback():1347] config_cb ('_wandb', 'viz', 'learning_curve') {'id': 'wandb/learning_curve/v1', 'historyFieldSettings': {'x-axis': '_step', 'key': 'learning_curve'}} None
2024-04-08 10:57:34,607 INFO    MainThread:24636 [wandb_run.py:_config_callback():1347] config_cb ('_wandb', 'viz', 'outlier_candidates') {'id': 'wandb/outliers/v1', 'historyFieldSettings': {'x-axis': '_step', 'key': 'outlier_candidates'}} None
2024-04-08 10:57:36,034 INFO    MainThread:24636 [wandb_run.py:_config_callback():1347] config_cb ('_wandb', 'viz', 'residuals') {'id': 'wandb/residuals_plot/v1', 'historyFieldSettings': {'x-axis': '_step', 'key': 'residuals'}} None
2024-04-08 10:57:36,592 INFO    MainThread:24636 [wandb_run.py:_config_callback():1347] config_cb ('_wandb', 'viz', 'summary_metrics') {'id': 'wandb/metrics/v1', 'historyFieldSettings': {'x-axis': '_step', 'key': 'summary_metrics'}} None
2024-04-08 10:58:13,910 INFO    MainThread:24636 [wandb_run.py:_config_callback():1347] config_cb ('_wandb', 'viz', 'learning_curve') {'id': 'wandb/learning_curve/v1', 'historyFieldSettings': {'x-axis': '_step', 'key': 'learning_curve'}} None
2024-04-08 10:58:16,333 INFO    MainThread:24636 [wandb_run.py:_config_callback():1347] config_cb ('_wandb', 'viz', 'outlier_candidates') {'id': 'wandb/outliers/v1', 'historyFieldSettings': {'x-axis': '_step', 'key': 'outlier_candidates'}} None
2024-04-08 10:58:18,747 INFO    MainThread:24636 [wandb_run.py:_config_callback():1347] config_cb ('_wandb', 'viz', 'residuals') {'id': 'wandb/residuals_plot/v1', 'historyFieldSettings': {'x-axis': '_step', 'key': 'residuals'}} None
2024-04-08 10:58:19,414 INFO    MainThread:24636 [wandb_run.py:_config_callback():1347] config_cb ('_wandb', 'viz', 'summary_metrics') {'id': 'wandb/metrics/v1', 'historyFieldSettings': {'x-axis': '_step', 'key': 'summary_metrics'}} None
2024-04-08 10:58:43,699 INFO    MainThread:24636 [wandb_run.py:_config_callback():1347] config_cb ('_wandb', 'viz', 'learning_curve') {'id': 'wandb/learning_curve/v1', 'historyFieldSettings': {'x-axis': '_step', 'key': 'learning_curve'}} None
2024-04-08 10:58:45,780 INFO    MainThread:24636 [wandb_run.py:_config_callback():1347] config_cb ('_wandb', 'viz', 'outlier_candidates') {'id': 'wandb/outliers/v1', 'historyFieldSettings': {'x-axis': '_step', 'key': 'outlier_candidates'}} None
2024-04-08 10:58:47,423 INFO    MainThread:24636 [wandb_run.py:_config_callback():1347] config_cb ('_wandb', 'viz', 'residuals') {'id': 'wandb/residuals_plot/v1', 'historyFieldSettings': {'x-axis': '_step', 'key': 'residuals'}} None
2024-04-08 10:58:48,049 INFO    MainThread:24636 [wandb_run.py:_config_callback():1347] config_cb ('_wandb', 'viz', 'summary_metrics') {'id': 'wandb/metrics/v1', 'historyFieldSettings': {'x-axis': '_step', 'key': 'summary_metrics'}} None
2024-04-08 10:58:55,815 INFO    MainThread:24636 [wandb_run.py:_config_callback():1347] config_cb ('_wandb', 'viz', 'learning_curve') {'id': 'wandb/learning_curve/v1', 'historyFieldSettings': {'x-axis': '_step', 'key': 'learning_curve'}} None
2024-04-08 10:58:57,009 INFO    MainThread:24636 [wandb_run.py:_config_callback():1347] config_cb ('_wandb', 'viz', 'outlier_candidates') {'id': 'wandb/outliers/v1', 'historyFieldSettings': {'x-axis': '_step', 'key': 'outlier_candidates'}} None
2024-04-08 10:58:58,041 INFO    MainThread:24636 [wandb_run.py:_config_callback():1347] config_cb ('_wandb', 'viz', 'residuals') {'id': 'wandb/residuals_plot/v1', 'historyFieldSettings': {'x-axis': '_step', 'key': 'residuals'}} None
2024-04-08 10:58:58,953 INFO    MainThread:24636 [wandb_run.py:_config_callback():1347] config_cb ('_wandb', 'viz', 'summary_metrics') {'id': 'wandb/metrics/v1', 'historyFieldSettings': {'x-axis': '_step', 'key': 'summary_metrics'}} None
2024-04-08 10:58:59,880 INFO    MainThread:24636 [wandb_run.py:_config_callback():1347] config_cb ('_wandb', 'viz', 'learning_curve') {'id': 'wandb/learning_curve/v1', 'historyFieldSettings': {'x-axis': '_step', 'key': 'learning_curve'}} None
2024-04-08 10:59:00,717 INFO    MainThread:24636 [wandb_run.py:_config_callback():1347] config_cb ('_wandb', 'viz', 'outlier_candidates') {'id': 'wandb/outliers/v1', 'historyFieldSettings': {'x-axis': '_step', 'key': 'outlier_candidates'}} None
2024-04-08 10:59:01,478 INFO    MainThread:24636 [wandb_run.py:_config_callback():1347] config_cb ('_wandb', 'viz', 'residuals') {'id': 'wandb/residuals_plot/v1', 'historyFieldSettings': {'x-axis': '_step', 'key': 'residuals'}} None
2024-04-08 10:59:02,039 INFO    MainThread:24636 [wandb_run.py:_config_callback():1347] config_cb ('_wandb', 'viz', 'summary_metrics') {'id': 'wandb/metrics/v1', 'historyFieldSettings': {'x-axis': '_step', 'key': 'summary_metrics'}} None
2024-04-08 10:59:02,671 INFO    MainThread:24636 [wandb_run.py:_config_callback():1347] config_cb ('_wandb', 'viz', 'learning_curve') {'id': 'wandb/learning_curve/v1', 'historyFieldSettings': {'x-axis': '_step', 'key': 'learning_curve'}} None
2024-04-08 10:59:03,229 INFO    MainThread:24636 [wandb_run.py:_config_callback():1347] config_cb ('_wandb', 'viz', 'outlier_candidates') {'id': 'wandb/outliers/v1', 'historyFieldSettings': {'x-axis': '_step', 'key': 'outlier_candidates'}} None
2024-04-08 10:59:04,271 INFO    MainThread:24636 [wandb_run.py:_config_callback():1347] config_cb ('_wandb', 'viz', 'residuals') {'id': 'wandb/residuals_plot/v1', 'historyFieldSettings': {'x-axis': '_step', 'key': 'residuals'}} None
2024-04-08 10:59:04,757 INFO    MainThread:24636 [wandb_run.py:_config_callback():1347] config_cb ('_wandb', 'viz', 'summary_metrics') {'id': 'wandb/metrics/v1', 'historyFieldSettings': {'x-axis': '_step', 'key': 'summary_metrics'}} None
2024-04-08 10:59:05,859 INFO    MainThread:24636 [wandb_run.py:_config_callback():1347] config_cb ('_wandb', 'viz', 'learning_curve') {'id': 'wandb/learning_curve/v1', 'historyFieldSettings': {'x-axis': '_step', 'key': 'learning_curve'}} None
2024-04-08 10:59:06,416 INFO    MainThread:24636 [wandb_run.py:_config_callback():1347] config_cb ('_wandb', 'viz', 'outlier_candidates') {'id': 'wandb/outliers/v1', 'historyFieldSettings': {'x-axis': '_step', 'key': 'outlier_candidates'}} None
2024-04-08 10:59:07,114 INFO    MainThread:24636 [wandb_run.py:_config_callback():1347] config_cb ('_wandb', 'viz', 'residuals') {'id': 'wandb/residuals_plot/v1', 'historyFieldSettings': {'x-axis': '_step', 'key': 'residuals'}} None
2024-04-08 10:59:07,768 INFO    MainThread:24636 [wandb_run.py:_config_callback():1347] config_cb ('_wandb', 'viz', 'summary_metrics') {'id': 'wandb/metrics/v1', 'historyFieldSettings': {'x-axis': '_step', 'key': 'summary_metrics'}} None
2024-04-08 10:59:12,035 INFO    MainThread:24636 [wandb_run.py:_config_callback():1347] config_cb ('_wandb', 'viz', 'learning_curve') {'id': 'wandb/learning_curve/v1', 'historyFieldSettings': {'x-axis': '_step', 'key': 'learning_curve'}} None
2024-04-08 10:59:12,892 INFO    MainThread:24636 [wandb_run.py:_config_callback():1347] config_cb ('_wandb', 'viz', 'outlier_candidates') {'id': 'wandb/outliers/v1', 'historyFieldSettings': {'x-axis': '_step', 'key': 'outlier_candidates'}} None
2024-04-08 10:59:13,951 INFO    MainThread:24636 [wandb_run.py:_config_callback():1347] config_cb ('_wandb', 'viz', 'residuals') {'id': 'wandb/residuals_plot/v1', 'historyFieldSettings': {'x-axis': '_step', 'key': 'residuals'}} None
2024-04-08 10:59:14,513 INFO    MainThread:24636 [wandb_run.py:_config_callback():1347] config_cb ('_wandb', 'viz', 'summary_metrics') {'id': 'wandb/metrics/v1', 'historyFieldSettings': {'x-axis': '_step', 'key': 'summary_metrics'}} None
2024-04-08 10:59:15,282 INFO    MainThread:24636 [wandb_run.py:_config_callback():1347] config_cb ('_wandb', 'viz', 'learning_curve') {'id': 'wandb/learning_curve/v1', 'historyFieldSettings': {'x-axis': '_step', 'key': 'learning_curve'}} None
2024-04-08 10:59:15,953 INFO    MainThread:24636 [wandb_run.py:_config_callback():1347] config_cb ('_wandb', 'viz', 'outlier_candidates') {'id': 'wandb/outliers/v1', 'historyFieldSettings': {'x-axis': '_step', 'key': 'outlier_candidates'}} None
2024-04-08 10:59:16,646 INFO    MainThread:24636 [wandb_run.py:_config_callback():1347] config_cb ('_wandb', 'viz', 'residuals') {'id': 'wandb/residuals_plot/v1', 'historyFieldSettings': {'x-axis': '_step', 'key': 'residuals'}} None
2024-04-08 10:59:17,264 INFO    MainThread:24636 [wandb_run.py:_config_callback():1347] config_cb ('_wandb', 'viz', 'summary_metrics') {'id': 'wandb/metrics/v1', 'historyFieldSettings': {'x-axis': '_step', 'key': 'summary_metrics'}} None
2024-04-08 10:59:17,976 INFO    MainThread:24636 [wandb_run.py:_config_callback():1347] config_cb ('_wandb', 'viz', 'learning_curve') {'id': 'wandb/learning_curve/v1', 'historyFieldSettings': {'x-axis': '_step', 'key': 'learning_curve'}} None
2024-04-08 10:59:18,733 INFO    MainThread:24636 [wandb_run.py:_config_callback():1347] config_cb ('_wandb', 'viz', 'outlier_candidates') {'id': 'wandb/outliers/v1', 'historyFieldSettings': {'x-axis': '_step', 'key': 'outlier_candidates'}} None
2024-04-08 10:59:19,368 INFO    MainThread:24636 [wandb_run.py:_config_callback():1347] config_cb ('_wandb', 'viz', 'residuals') {'id': 'wandb/residuals_plot/v1', 'historyFieldSettings': {'x-axis': '_step', 'key': 'residuals'}} None
2024-04-08 10:59:19,942 INFO    MainThread:24636 [wandb_run.py:_config_callback():1347] config_cb ('_wandb', 'viz', 'summary_metrics') {'id': 'wandb/metrics/v1', 'historyFieldSettings': {'x-axis': '_step', 'key': 'summary_metrics'}} None
2024-04-08 10:59:20,752 INFO    MainThread:24636 [wandb_run.py:_config_callback():1347] config_cb ('_wandb', 'viz', 'learning_curve') {'id': 'wandb/learning_curve/v1', 'historyFieldSettings': {'x-axis': '_step', 'key': 'learning_curve'}} None
2024-04-08 10:59:21,491 INFO    MainThread:24636 [wandb_run.py:_config_callback():1347] config_cb ('_wandb', 'viz', 'outlier_candidates') {'id': 'wandb/outliers/v1', 'historyFieldSettings': {'x-axis': '_step', 'key': 'outlier_candidates'}} None
2024-04-08 10:59:22,130 INFO    MainThread:24636 [wandb_run.py:_config_callback():1347] config_cb ('_wandb', 'viz', 'residuals') {'id': 'wandb/residuals_plot/v1', 'historyFieldSettings': {'x-axis': '_step', 'key': 'residuals'}} None
2024-04-08 10:59:22,736 INFO    MainThread:24636 [wandb_run.py:_config_callback():1347] config_cb ('_wandb', 'viz', 'summary_metrics') {'id': 'wandb/metrics/v1', 'historyFieldSettings': {'x-axis': '_step', 'key': 'summary_metrics'}} None
2024-04-08 10:59:24,284 INFO    MainThread:24636 [wandb_run.py:_config_callback():1347] config_cb ('_wandb', 'viz', 'learning_curve') {'id': 'wandb/learning_curve/v1', 'historyFieldSettings': {'x-axis': '_step', 'key': 'learning_curve'}} None
2024-04-08 10:59:25,220 INFO    MainThread:24636 [wandb_run.py:_config_callback():1347] config_cb ('_wandb', 'viz', 'outlier_candidates') {'id': 'wandb/outliers/v1', 'historyFieldSettings': {'x-axis': '_step', 'key': 'outlier_candidates'}} None
2024-04-08 10:59:25,868 INFO    MainThread:24636 [wandb_run.py:_config_callback():1347] config_cb ('_wandb', 'viz', 'residuals') {'id': 'wandb/residuals_plot/v1', 'historyFieldSettings': {'x-axis': '_step', 'key': 'residuals'}} None
2024-04-08 11:24:22,155 INFO    MainThread:24636 [wandb_setup.py:_flush():76] Current SDK version is 0.16.6
2024-04-08 11:24:22,155 INFO    MainThread:24636 [wandb_setup.py:_flush():76] Configure stats pid to 24636
2024-04-08 11:24:22,155 INFO    MainThread:24636 [wandb_setup.py:_flush():76] Loading settings from C:\Users\yjg10\.config\wandb\settings
2024-04-08 11:24:22,155 INFO    MainThread:24636 [wandb_setup.py:_flush():76] Loading settings from y:\Python\Mega_IT\F.Machine_Learning\1.Supervised_Learning\7.SGD\wandb\settings
2024-04-08 11:24:22,155 INFO    MainThread:24636 [wandb_setup.py:_flush():76] Loading settings from environment variables: {}
2024-04-08 11:24:22,155 INFO    MainThread:24636 [wandb_setup.py:_flush():76] Inferring run settings from compute environment: {'program': '<python with no main file>'}
2024-04-08 11:24:22,155 INFO    MainThread:24636 [wandb_setup.py:_flush():76] Applying login settings: {}
2024-04-08 11:24:22,156 INFO    MainThread:24636 [wandb_setup.py:_flush():76] Applying login settings: {'api_key': '***REDACTED***'}
2024-04-08 11:24:22,156 INFO    MainThread:24636 [wandb_setup.py:_flush():76] Applying login settings: {}
2024-04-08 11:24:22,158 INFO    MainThread:24636 [wandb_init.py:_log_setup():521] Logging user logs to y:\Python\Mega_IT\F.Machine_Learning\1.Supervised_Learning\7.SGD\wandb\run-20240408_112421-pa5gv6a3\logs\debug.log
2024-04-08 11:24:22,159 INFO    MainThread:24636 [wandb_init.py:_log_setup():522] Logging internal logs to y:\Python\Mega_IT\F.Machine_Learning\1.Supervised_Learning\7.SGD\wandb\run-20240408_112421-pa5gv6a3\logs\debug-internal.log
2024-04-08 11:24:22,159 INFO    MainThread:24636 [wandb_init.py:_jupyter_setup():467] configuring jupyter hooks <wandb.sdk.wandb_init._WandbInit object at 0x00000215A3D5C550>
2024-04-08 11:24:22,159 INFO    MainThread:24636 [wandb_init.py:init():561] calling init triggers
2024-04-08 11:24:22,160 INFO    MainThread:24636 [wandb_init.py:init():568] wandb.init called with sweep_config: {}
config: {'alpha': 0.0001, 'average': False, 'class_weight': None, 'early_stopping': False, 'epsilon': 0.1, 'eta0': 0.0, 'fit_intercept': True, 'l1_ratio': 0.15, 'learning_rate': 'optimal', 'loss': 'log_loss', 'max_iter': 1000, 'n_iter_no_change': 5, 'n_jobs': None, 'penalty': 'l2', 'power_t': 0.5, 'random_state': None, 'shuffle': True, 'tol': 0.001, 'validation_fraction': 0.1, 'verbose': 0, 'warm_start': False}
2024-04-08 11:24:22,160 INFO    MainThread:24636 [wandb_init.py:init():586] re-initializing run, found existing run on stack: gksxmmyl
2024-04-08 11:24:22,162 INFO    MainThread:24636 [wandb_run.py:_finish():2064] finishing run yijingue/sklearn-test-2/gksxmmyl
2024-04-08 11:24:22,162 INFO    MainThread:24636 [wandb_run.py:_atexit_cleanup():2304] got exitcode: 0
2024-04-08 11:24:22,163 INFO    MainThread:24636 [wandb_run.py:_restore():2287] restore
2024-04-08 11:24:22,163 INFO    MainThread:24636 [wandb_run.py:_restore():2293] restore done
2024-04-08 11:26:44,760 WARNING MsgRouterThr:24636 [router.py:message_loop():77] message_loop has been closed
2024-04-08 11:26:49,230 INFO    MainThread:24636 [wandb_run.py:_restore():2287] restore
2024-04-08 11:26:49,230 INFO    MainThread:24636 [wandb_run.py:_restore():2293] restore done
2024-04-08 11:26:49,581 ERROR   MainThread:24636 [wandb_init.py:init():1209] error
Traceback (most recent call last):
  File "c:\Users\yjg10\anaconda3\Lib\site-packages\wandb\sdk\wandb_run.py", line 2313, in _atexit_cleanup
    self._on_finish()
  File "c:\Users\yjg10\anaconda3\Lib\site-packages\wandb\sdk\wandb_run.py", line 2561, in _on_finish
    _ = exit_handle.wait(timeout=-1, on_progress=self._on_progress_exit)
        ^^^^^^^^^^^^^^^^^^^^^^^^^^^^^^^^^^^^^^^^^^^^^^^^^^^^^^^^^^^^^^^^
  File "c:\Users\yjg10\anaconda3\Lib\site-packages\wandb\sdk\lib\mailbox.py", line 298, in wait
    on_probe(probe_handle)
  File "c:\Users\yjg10\anaconda3\Lib\site-packages\wandb\sdk\wandb_run.py", line 2525, in _on_probe_exit
    result = handle.wait(timeout=0, release=False)
             ^^^^^^^^^^^^^^^^^^^^^^^^^^^^^^^^^^^^^
  File "c:\Users\yjg10\anaconda3\Lib\site-packages\wandb\sdk\lib\mailbox.py", line 281, in wait
    raise MailboxError("transport failed")
wandb.sdk.lib.mailbox.MailboxError: transport failed

During handling of the above exception, another exception occurred:

Traceback (most recent call last):
  File "c:\Users\yjg10\anaconda3\Lib\site-packages\wandb\sdk\wandb_init.py", line 1181, in init
    run = wi.init()
          ^^^^^^^^^
  File "c:\Users\yjg10\anaconda3\Lib\site-packages\wandb\sdk\wandb_init.py", line 596, in init
    latest_run.finish()
  File "c:\Users\yjg10\anaconda3\Lib\site-packages\wandb\sdk\wandb_run.py", line 420, in wrapper
    return func(self, *args, **kwargs)
           ^^^^^^^^^^^^^^^^^^^^^^^^^^^
  File "c:\Users\yjg10\anaconda3\Lib\site-packages\wandb\sdk\wandb_run.py", line 361, in wrapper
    return func(self, *args, **kwargs)
           ^^^^^^^^^^^^^^^^^^^^^^^^^^^
  File "c:\Users\yjg10\anaconda3\Lib\site-packages\wandb\sdk\wandb_run.py", line 2055, in finish
    return self._finish(exit_code, quiet)
           ^^^^^^^^^^^^^^^^^^^^^^^^^^^^^^
  File "c:\Users\yjg10\anaconda3\Lib\site-packages\wandb\sdk\wandb_run.py", line 2070, in _finish
    self._atexit_cleanup(exit_code=exit_code)
  File "c:\Users\yjg10\anaconda3\Lib\site-packages\wandb\sdk\wandb_run.py", line 2324, in _atexit_cleanup
    self._backend.cleanup()
  File "c:\Users\yjg10\anaconda3\Lib\site-packages\wandb\sdk\backend\backend.py", line 232, in cleanup
    self.interface.join()
  File "c:\Users\yjg10\anaconda3\Lib\site-packages\wandb\sdk\interface\interface_shared.py", line 553, in join
    super().join()
  File "c:\Users\yjg10\anaconda3\Lib\site-packages\wandb\sdk\interface\interface.py", line 736, in join
    _ = self._communicate_shutdown()
        ^^^^^^^^^^^^^^^^^^^^^^^^^^^^
  File "c:\Users\yjg10\anaconda3\Lib\site-packages\wandb\sdk\interface\interface_shared.py", line 450, in _communicate_shutdown
    _ = self._communicate(record)
        ^^^^^^^^^^^^^^^^^^^^^^^^^
  File "c:\Users\yjg10\anaconda3\Lib\site-packages\wandb\sdk\interface\interface_shared.py", line 302, in _communicate
    return self._communicate_async(rec, local=local).get(timeout=timeout)
           ^^^^^^^^^^^^^^^^^^^^^^^^^^^^^^^^^^^^^^^^^
  File "c:\Users\yjg10\anaconda3\Lib\site-packages\wandb\sdk\interface\interface_sock.py", line 60, in _communicate_async
    future = self._router.send_and_receive(rec, local=local)
             ^^^^^^^^^^^^^^^^^^^^^^^^^^^^^^^^^^^^^^^^^^^^^^^
  File "c:\Users\yjg10\anaconda3\Lib\site-packages\wandb\sdk\interface\router.py", line 94, in send_and_receive
    self._send_message(rec)
  File "c:\Users\yjg10\anaconda3\Lib\site-packages\wandb\sdk\interface\router_sock.py", line 36, in _send_message
    self._sock_client.send_record_communicate(record)
  File "c:\Users\yjg10\anaconda3\Lib\site-packages\wandb\sdk\lib\sock_client.py", line 216, in send_record_communicate
    self.send_server_request(server_req)
  File "c:\Users\yjg10\anaconda3\Lib\site-packages\wandb\sdk\lib\sock_client.py", line 155, in send_server_request
    self._send_message(msg)
  File "c:\Users\yjg10\anaconda3\Lib\site-packages\wandb\sdk\lib\sock_client.py", line 152, in _send_message
    self._sendall_with_error_handle(header + data)
  File "c:\Users\yjg10\anaconda3\Lib\site-packages\wandb\sdk\lib\sock_client.py", line 130, in _sendall_with_error_handle
    sent = self._sock.send(data)
           ^^^^^^^^^^^^^^^^^^^^^
ConnectionResetError: [WinError 10054] 현재 연결은 원격 호스트에 의해 강제로 끊겼습니다
